2020-08-06 20:07:07,363:INFO:root:__init__:Current settings is updated to: {'Cursor size': 0.5, 'In-game interface': 0.0, 'Show scoreboard': 0.0, 'Background dim': 100.0, 'Rotate sliderball': False, 'Always show key overlay': 0.0, 'Automatic cursor size': 0.0, 'Show mods icon': True, 'Enable PP counter': False, 'Score meter size': 0.96, 'Song volume': 55.0, 'Effect volume': 100.0, 'Ignore beatmap hitsounds': 1.0, "Use skin's sound samples": 1.0, 'Song delay': 0, 'Global leaderboard': False, 'Mods leaderboard': '*', 'api key': None}
2020-08-06 20:07:07,364:INFO:root:__init__:Current config is updated to: {'osu! path': 'C:/Games/osu!', 'Skin path': 'C:/Games/osu!/Skins/Komori - N O E L V 5 (white)', 'Beatmap path': '', '.osr path': '', 'Default skin path': '', 'Output path': 'C:/Users/Nevenit/Desktop', 'Output name': '{Map} played by {Player}.avi', 'Width': 1280, 'Height': 720, 'FPS': 60, 'Start time': 0, 'End time': -1, 'Video codec': 'XVID', 'Process': 2, 'ffmpeg path': 'ffmpeg'}
2020-08-06 20:07:07,397:INFO:root:getsize:Image loaded: res/B1_Shadow.png
2020-08-06 20:07:07,404:INFO:root:getsize:Image loaded: res/B1_Idle.png
2020-08-06 20:07:07,406:INFO:root:getsize:Image loaded: res/B2_Shadow.png
2020-08-06 20:07:07,413:INFO:root:getsize:Image loaded: res/B2_Idle.png
2020-08-06 20:07:07,415:INFO:root:getsize:Image loaded: res/Start_Shadow.png
2020-08-06 20:07:07,422:INFO:root:getsize:Image loaded: res/Start_Idle.png
2020-08-06 20:07:07,438:INFO:root:getsize:Image loaded: res/OsrLogo_Shadow.png
2020-08-06 20:07:07,487:INFO:root:getsize:Image loaded: res/OsrLogo.png
2020-08-06 20:07:07,490:INFO:root:getsize:Image loaded: res/OsrPath_Shadow.png
2020-08-06 20:07:07,491:INFO:root:getsize:Image loaded: res/OsrPath.png
2020-08-06 20:07:07,492:INFO:root:getsize:Image loaded: res/MapsetPath_Shadow.png
2020-08-06 20:07:07,494:INFO:root:getsize:Image loaded: res/MapsetPath.png
2020-08-06 20:07:07,494:TRACE:HomeComponents.SkinDropDown.SkinDropDown:__init__:CALL *(<__main__.Window object at 0x184E0B68>,) **{}
2020-08-06 20:07:07,494:TRACE:HomeComponents.SkinDropDown.SkinDropDown:addEmptyItem:CALL *(0,) **{}
2020-08-06 20:07:07,494:TRACE:HomeComponents.SkinDropDown.SkinDropDown:addItems:CALL *([''],) **{}
2020-08-06 20:07:07,495:TRACE:HomeComponents.SkinDropDown.SkinDropDown:addItems:RETURN None
2020-08-06 20:07:07,495:TRACE:HomeComponents.SkinDropDown.SkinDropDown:addEmptyItem:RETURN None
2020-08-06 20:07:07,495:TRACE:HomeComponents.SkinDropDown.SkinDropDown:addEmptyItem:CALL *(0,) **{}
2020-08-06 20:07:07,497:TRACE:HomeComponents.SkinDropDown.SkinDropDown:addItems:CALL *([''],) **{}
2020-08-06 20:07:07,497:TRACE:HomeComponents.SkinDropDown.SkinDropDown:addItems:RETURN None
2020-08-06 20:07:07,497:TRACE:HomeComponents.SkinDropDown.SkinDropDown:addEmptyItem:RETURN None
2020-08-06 20:07:07,497:TRACE:HomeComponents.SkinDropDown.SkinDropDown:addItems:CALL *(['Default Skin'],) **{}
2020-08-06 20:07:07,497:TRACE:HomeComponents.SkinDropDown.SkinDropDown:addItems:RETURN None
2020-08-06 20:07:07,498:TRACE:HomeComponents.SkinDropDown.SkinDropDown:setup:CALL *() **{}
2020-08-06 20:07:07,499:INFO:root:getsize:Image loaded: res/Drop_Scale.png
2020-08-06 20:07:07,517:TRACE:HomeComponents.SkinDropDown.SkinDropDown:setup:RETURN None
2020-08-06 20:07:07,517:TRACE:HomeComponents.SkinDropDown.SkinDropDown:__init__:RETURN None
2020-08-06 20:07:07,518:INFO:root:getsize:Image loaded: res/Options_Shadow.png
2020-08-06 20:07:07,519:INFO:root:getsize:Image loaded: res/Options_Idle.png
2020-08-06 20:07:07,552:INFO:root:getsize:Image loaded: res/SmallButton.png
2020-08-06 20:07:07,564:INFO:root:__init__:0.0.4a4 | 0.0.4a5
2020-08-06 20:07:07,570:INFO:root:getsize:Image loaded: res/CancelButton.png
2020-08-06 20:07:07,570:INFO:root:__init__:Loaded Buttons
2020-08-06 20:07:07,590:INFO:root:getsize:Image loaded: res/Window_Shadow.png
2020-08-06 20:07:07,664:INFO:root:getsize:Image loaded: res/Window.png
2020-08-06 20:07:07,668:INFO:root:getsize:Image loaded: res/OutputFolder_Idle.png
2020-08-06 20:07:07,673:INFO:root:getsize:Image loaded: res/osu!Folder_Idle.png
2020-08-06 20:07:07,740:INFO:root:getsize:Image loaded: res/WindowShadow.png
2020-08-06 20:07:07,741:INFO:root:__init__:Loaded Popupwindow output button and osu button
2020-08-06 20:07:07,807:INFO:root:getsize:Image loaded: res/WindowShadow.png
2020-08-06 20:07:07,808:TRACE:SettingComponents.Layouts.ScrollArea.ScrollArea:__init__:CALL *(<SettingComponents.Layouts.SettingsPage.SettingsPage object at 0x184F99B8>, <__main__.Window object at 0x184E0B68>) **{}
2020-08-06 20:07:07,810:TRACE:SettingComponents.Layouts.ScrollArea.ScrollArea:__init__:RETURN None
2020-08-06 20:07:07,810:TRACE:SettingComponents.Layouts.ScrollArea.ScrollArea:load_settings:CALL *() **{}
2020-08-06 20:07:07,844:ERROR:root:get_maplength:FileNotFoundError(2, 'No such file or directory')
2020-08-06 20:07:08,210:TRACE:SettingComponents.Layouts.ScrollArea.ScrollArea:load_settings:RETURN None
2020-08-06 20:07:08,210:INFO:root:__init__:Loaded settings page
2020-08-06 20:07:08,217:TRACE:HomeComponents.SkinDropDown.SkinDropDown:get_skins:CALL *() **{}
2020-08-06 20:07:08,260:TRACE:HomeComponents.SkinDropDown.SkinDropDown:addItems:RETURN None
2020-08-06 20:07:08,272:INFO:root:check_updates:Latest Version of osr2mp4: 0.0.4a4
2020-08-06 20:07:08,283:TRACE:HomeComponents.SkinDropDown.SkinDropDown:addItems:RETURN None
2020-08-06 20:07:08,283:INFO:root:check_updates:Latest Version of osr2mp4app: 0.0.4a5
2020-08-06 20:07:08,284:INFO:root:check_updates:Current Version of osr2mp4: 0.0.4a4
2020-08-06 20:07:08,327:TRACE:HomeComponents.SkinDropDown.SkinDropDown:addItems:RETURN None
2020-08-06 20:07:08,327:INFO:root:check_updates:Current Version of osr2mp4app: 0.0.4a5
2020-08-06 20:07:08,365:TRACE:HomeComponents.SkinDropDown.SkinDropDown:addItems:RETURN None
2020-08-06 20:07:08,366:TRACE:HomeComponents.SkinDropDown.SkinDropDown:addItems:CALL *(['- YUGEN -'],) **{}
2020-08-06 20:07:08,366:TRACE:HomeComponents.SkinDropDown.SkinDropDown:addItems:RETURN None
2020-08-06 20:07:08,366:TRACE:HomeComponents.SkinDropDown.SkinDropDown:addItems:CALL *(['Comfort'],) **{}
2020-08-06 20:07:08,367:TRACE:HomeComponents.SkinDropDown.SkinDropDown:addItems:RETURN None
2020-08-06 20:07:08,367:TRACE:HomeComponents.SkinDropDown.SkinDropDown:addItems:CALL *(['Comfort (green)'],) **{}
2020-08-06 20:07:08,367:TRACE:HomeComponents.SkinDropDown.SkinDropDown:addItems:RETURN None
2020-08-06 20:07:08,367:TRACE:HomeComponents.SkinDropDown.SkinDropDown:addItems:CALL *(['Comfort (white)'],) **{}
2020-08-06 20:07:08,367:TRACE:HomeComponents.SkinDropDown.SkinDropDown:addItems:RETURN None
2020-08-06 20:07:08,367:TRACE:HomeComponents.SkinDropDown.SkinDropDown:addItems:CALL *(['dokidokilolixx 2018-06-10'],) **{}
2020-08-06 20:07:08,368:TRACE:HomeComponents.SkinDropDown.SkinDropDown:addItems:RETURN None
2020-08-06 20:07:08,368:TRACE:HomeComponents.SkinDropDown.SkinDropDown:addItems:CALL *(['Komori - N O E L V 5'],) **{}
2020-08-06 20:07:08,368:TRACE:HomeComponents.SkinDropDown.SkinDropDown:addItems:RETURN None
2020-08-06 20:07:08,368:TRACE:HomeComponents.SkinDropDown.SkinDropDown:addItems:CALL *(['Komori - N O E L V 5 (white)'],) **{}
2020-08-06 20:07:08,369:TRACE:HomeComponents.SkinDropDown.SkinDropDown:addItems:RETURN None
2020-08-06 20:07:08,369:TRACE:HomeComponents.SkinDropDown.SkinDropDown:addItems:CALL *(['Komori - N O E L V 5 (white) (smol)'],) **{}
2020-08-06 20:07:08,369:TRACE:HomeComponents.SkinDropDown.SkinDropDown:addItems:RETURN None
2020-08-06 20:07:08,369:TRACE:HomeComponents.SkinDropDown.SkinDropDown:addItems:CALL *(['MINECRAFT_KRUGI'],) **{}
2020-08-06 20:07:08,369:TRACE:HomeComponents.SkinDropDown.SkinDropDown:addItems:RETURN None
2020-08-06 20:07:08,370:TRACE:HomeComponents.SkinDropDown.SkinDropDown:addItems:CALL *(['osu!Default Skin'],) **{}
2020-08-06 20:07:08,370:TRACE:HomeComponents.SkinDropDown.SkinDropDown:addItems:RETURN None
2020-08-06 20:07:08,370:TRACE:HomeComponents.SkinDropDown.SkinDropDown:addItems:CALL *(['Varvalian'],) **{}
2020-08-06 20:07:08,370:TRACE:HomeComponents.SkinDropDown.SkinDropDown:addItems:RETURN None
2020-08-06 20:07:08,370:TRACE:HomeComponents.SkinDropDown.SkinDropDown:get_skins:RETURN None
2020-08-06 20:07:08,371:ERROR:root:loadname:FileNotFoundError(2, 'No such file or directory')
2020-08-06 20:07:08,372:INFO:root:save:{'osu! path': 'C:/Games/osu!', 'Skin path': 'C:/Games/osu!/Skins/Komori - N O E L V 5 (white)', 'Beatmap path': '', '.osr path': '', 'Default skin path': '', 'Output path': 'C:/Users/Nevenit/Desktop/. played by Player .avi', 'Output name': '{Map} played by {Player}.avi', 'Width': 1280, 'Height': 720, 'FPS': 60, 'Start time': 0, 'End time': -1, 'Video codec': 'XVID', 'Process': 2, 'ffmpeg path': 'ffmpeg'}
2020-08-06 20:07:08,372:INFO:root:save:{'Cursor size': 0.5, 'In-game interface': 0.0, 'Show scoreboard': 0.0, 'Background dim': 100.0, 'Rotate sliderball': False, 'Always show key overlay': 0.0, 'Automatic cursor size': 0.0, 'Show mods icon': True, 'Enable PP counter': False, 'Score meter size': 0.96, 'Song volume': 55.0, 'Effect volume': 100.0, 'Ignore beatmap hitsounds': 1.0, "Use skin's sound samples": 1.0, 'Song delay': 0, 'Global leaderboard': False, 'Mods leaderboard': '*', 'api key': None}
2020-08-06 20:07:08,376:TRACE:SettingComponents.Layouts.ScrollArea.ScrollArea:load_settings:CALL *() **{}
2020-08-06 20:07:08,376:TRACE:SettingComponents.Layouts.ScrollArea.ScrollArea:load_settings:RETURN None
2020-08-06 20:07:08,596:INFO:root:find_beatmap_:Loaded beatmap folder 621438 nano - Nevereverland
2020-08-06 20:07:08,601:ERROR:root:get_maplength:FileNotFoundError(2, 'No such file or directory')
2020-08-06 20:07:08,601:ERROR:root:get_maplength:FileNotFoundError(2, 'No such file or directory')
2020-08-06 20:07:08,603:INFO:root:find_latest_map:Updated beatmap path to: C:/Games/osu!/Songs/621438 nano - Nevereverland
2020-08-06 20:07:08,603:ERROR:root:get_maplength:FileNotFoundError(2, 'No such file or directory')
2020-08-06 20:07:08,604:ERROR:root:get_maplength:FileNotFoundError(2, 'No such file or directory')
2020-08-06 20:07:08,604:INFO:root:find_latest_replay:Updated replay path to: C:/Games/osu!/Replays/Nevenit - nano - Nevereverland [Starset's Redemption] (2020-08-01) Osu.osr
